2019-05-28 09:54:40,731 |  | INFO org.springframework.boot.StartupInfoLogger [restartedMain] Starting ExerciseoneApplication on LIM-5CD5447TZF with PID 4968 (C:\Users\rbarrief\git\repositoryexercise\exerciseone\target\classes started by rbarrief in C:\Users\rbarrief\git\repositoryexercise\exerciseone)
2019-05-28 09:54:40,751 |  | DEBUG org.springframework.boot.StartupInfoLogger [restartedMain] Running with Spring Boot v2.1.4.RELEASE, Spring v5.1.6.RELEASE
2019-05-28 09:54:40,752 |  | INFO org.springframework.boot.SpringApplication [restartedMain] No active profile set, falling back to default profiles: default
2019-05-28 09:54:46,370 |  | DEBUG org.springframework.web.filter.GenericFilterBean [restartedMain] Filter 'slf4jMdcFilter' configured for use
2019-05-28 09:54:54,334 |  | INFO org.springframework.boot.StartupInfoLogger [restartedMain] Started ExerciseoneApplication in 14.814 seconds (JVM running for 17.106)
2019-05-28 10:01:26,938 |  | INFO com.exerciseone.logconfig.Slf4jMdcFilter [http-nio-9901-exec-1] requestHeader sí está vacío.
2019-05-28 10:01:26,939 | 2A36BF8623DD4FC5AEEA480BCFAB1779 | INFO com.exerciseone.logconfig.Slf4jMdcFilter [http-nio-9901-exec-1] responseHeader no está vacío.
2019-05-28 10:01:45,698 |  | INFO com.exerciseone.logconfig.Slf4jMdcFilter [http-nio-9901-exec-3] requestHeader sí está vacío.
2019-05-28 10:01:45,699 | 8A1838E7973245F38283C27B8CFA0707 | INFO com.exerciseone.logconfig.Slf4jMdcFilter [http-nio-9901-exec-3] responseHeader no está vacío.
2019-05-28 10:04:17,523 |  | INFO com.exerciseone.logconfig.Slf4jMdcFilter [http-nio-9901-exec-6] requestHeader sí está vacío.
2019-05-28 10:04:17,524 | A1A7E79F28FC483BB3B96085290CABA4 | INFO com.exerciseone.logconfig.Slf4jMdcFilter [http-nio-9901-exec-6] responseHeader no está vacío.
2019-05-28 10:08:58,531 |  | INFO com.exerciseone.logconfig.Slf4jMdcFilter [http-nio-9901-exec-9] requestHeader sí está vacío.
2019-05-28 10:08:58,531 | 5D3C84490BE04956A0B775FCCE1A8561 | INFO com.exerciseone.logconfig.Slf4jMdcFilter [http-nio-9901-exec-9] responseHeader no está vacío.
2019-05-28 10:12:35,937 |  | INFO com.exerciseone.logconfig.Slf4jMdcFilter [http-nio-9901-exec-1] requestHeader sí está vacío.
2019-05-28 10:12:35,938 | ADF9D9350BBE44F69DFDB7B854CCA2E6 | INFO com.exerciseone.logconfig.Slf4jMdcFilter [http-nio-9901-exec-1] responseHeader no está vacío.
2019-05-28 10:18:42,077 |  | INFO org.springframework.boot.StartupInfoLogger [restartedMain] Starting ExerciseoneApplication on LIM-5CD5447TZF with PID 4968 (C:\Users\rbarrief\git\repositoryexercise\exerciseone\target\classes started by rbarrief in C:\Users\rbarrief\git\repositoryexercise\exerciseone)
2019-05-28 10:18:42,078 |  | DEBUG org.springframework.boot.StartupInfoLogger [restartedMain] Running with Spring Boot v2.1.4.RELEASE, Spring v5.1.6.RELEASE
2019-05-28 10:18:42,078 |  | INFO org.springframework.boot.SpringApplication [restartedMain] No active profile set, falling back to default profiles: default
2019-05-28 10:18:43,260 |  | DEBUG org.springframework.web.filter.GenericFilterBean [restartedMain] Filter 'slf4jMdcFilter' configured for use
2019-05-28 10:18:44,593 |  | INFO org.springframework.boot.StartupInfoLogger [restartedMain] Started ExerciseoneApplication in 2.614 seconds (JVM running for 1447.335)
2019-05-28 10:24:29,012 |  | INFO com.exerciseone.logconfig.Slf4jMdcFilter [http-nio-9901-exec-2] requestHeader sí está vacío.
2019-05-28 10:24:29,013 | 101028155A5A4BB1A9FDFA0ECC26D42B | INFO com.exerciseone.logconfig.Slf4jMdcFilter [http-nio-9901-exec-2] responseHeader no está vacío.
2019-05-28 10:24:29,205 |  | INFO com.exerciseone.logconfig.Slf4jMdcFilter [http-nio-9901-exec-1] requestHeader sí está vacío.
2019-05-28 10:24:29,205 | 300E7243202940E28D781B7616FB6FEE | INFO com.exerciseone.logconfig.Slf4jMdcFilter [http-nio-9901-exec-1] responseHeader no está vacío.
2019-05-28 10:24:35,750 |  | INFO com.exerciseone.logconfig.Slf4jMdcFilter [http-nio-9901-exec-3] requestHeader sí está vacío.
2019-05-28 10:24:35,751 | C27B547EF6474C639DB22BC11F133590 | INFO com.exerciseone.logconfig.Slf4jMdcFilter [http-nio-9901-exec-3] responseHeader no está vacío.
2019-05-28 14:40:30,139 |  | INFO org.springframework.boot.SpringApplication [restartedMain] No active profile set, falling back to default profiles: default
2019-05-28 14:41:10,563 |  | DEBUG org.springframework.web.filter.GenericFilterBean [restartedMain] Filter 'slf4jMdcFilter' configured for use
2019-05-28 14:42:05,839 |  | INFO org.springframework.boot.StartupInfoLogger [restartedMain] Started ExerciseoneApplication in 106.427 seconds (JVM running for 108.99)
2019-05-28 14:55:58,267 |  | INFO org.springframework.boot.SpringApplication [restartedMain] No active profile set, falling back to default profiles: default
2019-05-28 14:56:06,295 |  | DEBUG org.springframework.web.filter.GenericFilterBean [restartedMain] Filter 'slf4jMdcFilter' configured for use
2019-05-28 14:56:18,658 |  | INFO org.springframework.boot.StartupInfoLogger [restartedMain] Started ExerciseoneApplication in 25.344 seconds (JVM running for 29.893)
2019-05-28 15:03:29,611 |  | INFO org.springframework.boot.SpringApplication [restartedMain] No active profile set, falling back to default profiles: default
2019-05-28 15:03:33,839 |  | DEBUG org.springframework.web.filter.GenericFilterBean [restartedMain] Filter 'slf4jMdcFilter' configured for use
2019-05-28 15:03:40,732 |  | INFO org.springframework.boot.StartupInfoLogger [restartedMain] Started ExerciseoneApplication in 14.71 seconds (JVM running for 471.959)
2019-05-28 15:05:07,792 |  | INFO org.springframework.boot.SpringApplication [restartedMain] No active profile set, falling back to default profiles: default
2019-05-28 15:05:11,861 |  | DEBUG org.springframework.web.filter.GenericFilterBean [restartedMain] Filter 'slf4jMdcFilter' configured for use
2019-05-28 15:05:17,611 |  | INFO org.springframework.boot.StartupInfoLogger [restartedMain] Started ExerciseoneApplication in 13.257 seconds (JVM running for 568.838)
2019-05-28 15:08:07,267 |  | INFO org.springframework.boot.SpringApplication [restartedMain] No active profile set, falling back to default profiles: default
2019-05-28 15:08:14,727 |  | DEBUG org.springframework.web.filter.GenericFilterBean [restartedMain] Filter 'slf4jMdcFilter' configured for use
2019-05-28 15:08:35,817 |  | INFO org.springframework.boot.StartupInfoLogger [restartedMain] Started ExerciseoneApplication in 33.353 seconds (JVM running for 35.43)
2019-05-28 15:09:36,116 |  | INFO com.exerciseone.logconfig.Slf4jMdcFilter [http-nio-9901-exec-2] requestHeader sí está vacío.
2019-05-28 15:09:36,120 | E689CA7360F142179C3EE3333834980D | INFO com.exerciseone.logconfig.Slf4jMdcFilter [http-nio-9901-exec-2] responseHeader no está vacío.
2019-05-28 15:10:07,359 |  | INFO com.exerciseone.logconfig.Slf4jMdcFilter [http-nio-9901-exec-3] requestHeader sí está vacío.
2019-05-28 15:10:07,359 | 27B330B83A724FCF8E3BC460FD75A7AD | INFO com.exerciseone.logconfig.Slf4jMdcFilter [http-nio-9901-exec-3] responseHeader no está vacío.
2019-05-28 15:14:36,613 |  | INFO com.exerciseone.logconfig.Slf4jMdcFilter [http-nio-9901-exec-7] requestHeader sí está vacío.
2019-05-28 15:14:36,620 | A49FB66E86F34516805E1067DAA32281 | INFO com.exerciseone.logconfig.Slf4jMdcFilter [http-nio-9901-exec-7] responseHeader no está vacío.
2019-05-28 15:37:41,497 |  | INFO com.exerciseone.logconfig.Slf4jMdcFilter [http-nio-9901-exec-2] requestHeader sí está vacío.
2019-05-28 15:37:41,530 | 6FCEB8CC485B4E16B49D1D5C6392E041 | INFO com.exerciseone.logconfig.Slf4jMdcFilter [http-nio-9901-exec-2] responseHeader no está vacío.
2019-05-28 17:21:57,878 |  | INFO org.springframework.boot.SpringApplication [restartedMain] No active profile set, falling back to default profiles: default
2019-05-28 17:22:09,066 |  | DEBUG org.springframework.web.filter.GenericFilterBean [restartedMain] Filter 'slf4jMdcFilter' configured for use
2019-05-28 17:22:20,012 |  | INFO org.springframework.boot.StartupInfoLogger [restartedMain] Started ExerciseoneApplication in 27.144 seconds (JVM running for 28.961)
2019-05-28 17:27:14,401 |  | INFO com.exerciseone.logconfig.Slf4jMdcFilter [http-nio-9901-exec-2] requestHeader sí está vacío.
2019-05-28 17:27:14,403 | ED225446A9CF4A9CB6EF3B412BF9A505 | INFO com.exerciseone.logconfig.Slf4jMdcFilter [http-nio-9901-exec-2] responseHeader no está vacío.
2019-05-28 17:29:58,307 |  | INFO com.exerciseone.logconfig.Slf4jMdcFilter [http-nio-9901-exec-6] requestHeader sí está vacío.
2019-05-28 17:29:58,308 | D31519E1606D4D51BFB74A639F3FAA6D | INFO com.exerciseone.logconfig.Slf4jMdcFilter [http-nio-9901-exec-6] responseHeader no está vacío.
2019-05-28 17:35:36,616 |  | INFO com.exerciseone.logconfig.Slf4jMdcFilter [http-nio-9901-exec-7] requestHeader sí está vacío.
2019-05-28 17:35:36,616 | C4815D8901044E898CC17F56A53A9301 | INFO com.exerciseone.logconfig.Slf4jMdcFilter [http-nio-9901-exec-7] responseHeader no está vacío.
2019-05-28 17:36:07,762 |  | INFO com.exerciseone.logconfig.Slf4jMdcFilter [http-nio-9901-exec-8] requestHeader sí está vacío.
2019-05-28 17:36:07,763 | 0766FB9821AD485EBA2BE2C7FA3E98C7 | INFO com.exerciseone.logconfig.Slf4jMdcFilter [http-nio-9901-exec-8] responseHeader no está vacío.
2019-05-28 17:36:22,713 |  | INFO com.exerciseone.logconfig.Slf4jMdcFilter [http-nio-9901-exec-10] requestHeader sí está vacío.
2019-05-28 17:36:22,714 | 5D284F694A0E4E42A2B7481C037586D4 | INFO com.exerciseone.logconfig.Slf4jMdcFilter [http-nio-9901-exec-10] responseHeader no está vacío.
2019-05-28 17:36:22,814 |  | INFO com.exerciseone.logconfig.Slf4jMdcFilter [http-nio-9901-exec-9] requestHeader sí está vacío.
2019-05-28 17:36:22,815 | 4B1281BB21FF4C1580126F3E24094E90 | INFO com.exerciseone.logconfig.Slf4jMdcFilter [http-nio-9901-exec-9] responseHeader no está vacío.
2019-05-28 17:36:53,120 |  | INFO com.exerciseone.logconfig.Slf4jMdcFilter [http-nio-9901-exec-1] requestHeader sí está vacío.
2019-05-28 17:36:53,121 | B56138786BBB475F8581420A3A6B4403 | INFO com.exerciseone.logconfig.Slf4jMdcFilter [http-nio-9901-exec-1] responseHeader no está vacío.
2019-05-28 17:37:07,838 |  | INFO com.exerciseone.logconfig.Slf4jMdcFilter [http-nio-9901-exec-4] requestHeader sí está vacío.
2019-05-28 17:37:07,838 | AE5C9BE43811421BAC6346B3AEE16D87 | INFO com.exerciseone.logconfig.Slf4jMdcFilter [http-nio-9901-exec-4] responseHeader no está vacío.
2019-05-28 17:46:02,954 |  | INFO com.exerciseone.logconfig.Slf4jMdcFilter [http-nio-9901-exec-2] requestHeader sí está vacío.
2019-05-28 17:46:02,955 | 954ECAA939DE464AA00BF9C605614F20 | INFO com.exerciseone.logconfig.Slf4jMdcFilter [http-nio-9901-exec-2] responseHeader no está vacío.
2019-05-28 17:46:26,091 |  | INFO com.exerciseone.logconfig.Slf4jMdcFilter [http-nio-9901-exec-3] requestHeader sí está vacío.
2019-05-28 17:46:26,091 | 249EDF461D1F4F96AE53A05FF7C02411 | INFO com.exerciseone.logconfig.Slf4jMdcFilter [http-nio-9901-exec-3] responseHeader no está vacío.
2019-05-28 18:09:05,847 |  | INFO com.exerciseone.logconfig.Slf4jMdcFilter [http-nio-9901-exec-4] requestHeader sí está vacío.
2019-05-28 18:09:05,848 | 3217849E772C4C30AEB2CB2B3203FCBA | INFO com.exerciseone.logconfig.Slf4jMdcFilter [http-nio-9901-exec-4] responseHeader no está vacío.
2019-05-28 18:09:05,943 |  | INFO com.exerciseone.logconfig.Slf4jMdcFilter [http-nio-9901-exec-6] requestHeader sí está vacío.
2019-05-28 18:09:05,944 | 296AA70C12C749A4A7E18C7AC18F8793 | INFO com.exerciseone.logconfig.Slf4jMdcFilter [http-nio-9901-exec-6] responseHeader no está vacío.
2019-05-28 18:09:12,221 |  | INFO com.exerciseone.logconfig.Slf4jMdcFilter [http-nio-9901-exec-5] requestHeader sí está vacío.
2019-05-28 18:09:12,222 | E8F84818C2E746A685FFD676DDAC1F19 | INFO com.exerciseone.logconfig.Slf4jMdcFilter [http-nio-9901-exec-5] responseHeader no está vacío.
2019-05-28 18:09:12,279 |  | INFO com.exerciseone.logconfig.Slf4jMdcFilter [http-nio-9901-exec-7] requestHeader sí está vacío.
2019-05-28 18:09:12,280 | FBACF06FEA8847E893D16760146E5A56 | INFO com.exerciseone.logconfig.Slf4jMdcFilter [http-nio-9901-exec-7] responseHeader no está vacío.
2019-05-28 18:09:15,434 |  | INFO com.exerciseone.logconfig.Slf4jMdcFilter [http-nio-9901-exec-8] requestHeader sí está vacío.
2019-05-28 18:09:15,435 | 3B9431EA182F4AEAA2FA373FC89D1BA2 | INFO com.exerciseone.logconfig.Slf4jMdcFilter [http-nio-9901-exec-8] responseHeader no está vacío.
2019-05-28 18:09:20,641 |  | INFO com.exerciseone.logconfig.Slf4jMdcFilter [http-nio-9901-exec-9] requestHeader sí está vacío.
2019-05-28 18:09:20,641 | 0315A8A9AF7148AB9E81123E3961010D | INFO com.exerciseone.logconfig.Slf4jMdcFilter [http-nio-9901-exec-9] responseHeader no está vacío.
2019-05-28 18:09:23,606 |  | INFO com.exerciseone.logconfig.Slf4jMdcFilter [http-nio-9901-exec-2] requestHeader sí está vacío.
2019-05-28 18:09:23,607 | F251738251C845B9A9DF38F2FEDC711E | INFO com.exerciseone.logconfig.Slf4jMdcFilter [http-nio-9901-exec-2] responseHeader no está vacío.
